  Actor.cpp
C:\Users\uo271288\Desktop\SEV\Naves\dependencias\include\begin_code.h(37,8): warning C4668: '__GNUC__' no está definido como macro de preprocesador y se reemplaza por '0' para '#if/#elif'
C:\Users\uo271288\Desktop\SEV\Naves\dependencias\include\SDL_assert.h(68,9): warning C4668: '__GNUC__' no está definido como macro de preprocesador y se reemplaza por '0' para '#if/#elif'
C:\Users\uo271288\Desktop\SEV\Naves\dependencias\include\SDL_keyboard.h(52,18): warning C4820: 'SDL_Keysym': '2' bytes de relleno agregados después de miembro de datos 'SDL_Keysym::mod'
C:\Users\uo271288\Desktop\SEV\Naves\dependencias\include\SDL_haptic.h(453,18): warning C4820: 'SDL_HapticDirection': '3' bytes de relleno agregados después de miembro de datos 'SDL_HapticDirection::type'
C:\Users\uo271288\Desktop\SEV\Naves\dependencias\include\SDL_haptic.h(472,34): warning C4820: 'SDL_HapticConstant': '2' bytes de relleno agregados después de miembro de datos 'SDL_HapticConstant::type'
C:\Users\uo271288\Desktop\SEV\Naves\dependencias\include\SDL_haptic.h(555,34): warning C4820: 'SDL_HapticPeriodic': '2' bytes de relleno agregados después de miembro de datos 'SDL_HapticPeriodic::type'
C:\Users\uo271288\Desktop\SEV\Naves\dependencias\include\SDL_haptic.h(576,1): warning C4820: 'SDL_HapticPeriodic': '2' bytes de relleno agregados después de miembro de datos 'SDL_HapticPeriodic::fade_level'
C:\Users\uo271288\Desktop\SEV\Naves\dependencias\include\SDL_haptic.h(607,34): warning C4820: 'SDL_HapticCondition': '2' bytes de relleno agregados después de miembro de datos 'SDL_HapticCondition::type'
C:\Users\uo271288\Desktop\SEV\Naves\dependencias\include\SDL_haptic.h(624,1): warning C4820: 'SDL_HapticCondition': '2' bytes de relleno agregados después de miembro de datos 'SDL_HapticCondition::center'
C:\Users\uo271288\Desktop\SEV\Naves\dependencias\include\SDL_haptic.h(643,34): warning C4820: 'SDL_HapticRamp': '2' bytes de relleno agregados después de miembro de datos 'SDL_HapticRamp::type'
C:\Users\uo271288\Desktop\SEV\Naves\dependencias\include\SDL_haptic.h(662,1): warning C4820: 'SDL_HapticRamp': '2' bytes de relleno agregados después de miembro de datos 'SDL_HapticRamp::fade_level'
C:\Users\uo271288\Desktop\SEV\Naves\dependencias\include\SDL_haptic.h(682,18): warning C4820: 'SDL_HapticLeftRight': '2' bytes de relleno agregados después de miembro de datos 'SDL_HapticLeftRight::type'
C:\Users\uo271288\Desktop\SEV\Naves\dependencias\include\SDL_haptic.h(708,34): warning C4820: 'SDL_HapticCustom': '2' bytes de relleno agregados después de miembro de datos 'SDL_HapticCustom::type'
C:\Users\uo271288\Desktop\SEV\Naves\dependencias\include\SDL_haptic.h(720,18): warning C4820: 'SDL_HapticCustom': '1' bytes de relleno agregados después de miembro de datos 'SDL_HapticCustom::channels'
C:\Program Files\Microsoft Visual Studio\2022\Community\VC\Tools\MSVC\14.31.31103\include\xmemory(154,5): warning C4365: 'argumento': conversión de 'long' en 'unsigned int'; no coinciden signed/unsigned
C:\Program Files\Microsoft Visual Studio\2022\Community\VC\Tools\MSVC\14.31.31103\include\xmemory(164,5): warning C4365: 'argumento': conversión de 'long' en 'unsigned int'; no coinciden signed/unsigned
C:\Users\uo271288\Desktop\SEV\Naves\Naves\Actor.h(18,1): warning C5204: "Actor": la clase tiene funciones virtuales, pero su destructor trivial no es virtual; puede que las instancias de objetos derivados de esta clase no se destruyan correctamente
C:\Program Files\Microsoft Visual Studio\2022\Community\VC\Tools\MSVC\14.31.31103\include\atomic(206,9): warning C4365: 'argumento': conversión de 'long' en 'unsigned int'; no coinciden signed/unsigned
C:\Program Files\Microsoft Visual Studio\2022\Community\VC\Tools\MSVC\14.31.31103\include\atomic(221,9): warning C4365: 'argumento': conversión de 'long' en 'unsigned int'; no coinciden signed/unsigned
C:\Program Files\Microsoft Visual Studio\2022\Community\VC\Tools\MSVC\14.31.31103\include\atomic(237,9): warning C4365: 'argumento': conversión de 'long' en 'unsigned int'; no coinciden signed/unsigned
C:\Users\uo271288\Desktop\SEV\Naves\Naves\Layer.h(10,1): warning C5204: "Layer": la clase tiene funciones virtuales, pero su destructor trivial no es virtual; puede que las instancias de objetos derivados de esta clase no se destruyan correctamente
C:\Users\uo271288\Desktop\SEV\Naves\Naves\Game.h(30,19): warning C4820: 'Game': '3' bytes de relleno agregados después de miembro de datos 'Game::scaledToMax'
C:\Users\uo271288\Desktop\SEV\Naves\Naves\Game.h(35,18): warning C4820: 'Game': '3' bytes de relleno agregados después de miembro de datos 'Game::loopActive'
C:\Users\uo271288\Desktop\SEV\Naves\Naves\Actor.cpp(19,25): warning C5219: conversión implícita de "int" a "float"; posible pérdida de datos
C:\Users\uo271288\Desktop\SEV\Naves\Naves\Actor.cpp(19,19): warning C4244: '=': conversión de 'float' a 'int'; posible pérdida de datos
C:\Users\uo271288\Desktop\SEV\Naves\Naves\Actor.cpp(20,29): warning C5219: conversión implícita de "int" a "float"; posible pérdida de datos
C:\Users\uo271288\Desktop\SEV\Naves\Naves\Actor.cpp(20,20): warning C4244: '=': conversión de 'float' a 'int'; posible pérdida de datos
C:\Users\uo271288\Desktop\SEV\Naves\Naves\Actor.cpp(28,30): warning C5219: conversión implícita de "int" a "float"; posible pérdida de datos
C:\Users\uo271288\Desktop\SEV\Naves\Naves\Actor.cpp(28,47): warning C5219: conversión implícita de "int" a "float"; posible pérdida de datos
C:\Users\uo271288\Desktop\SEV\Naves\Naves\Actor.cpp(29,30): warning C5219: conversión implícita de "int" a "float"; posible pérdida de datos
C:\Users\uo271288\Desktop\SEV\Naves\Naves\Actor.cpp(29,47): warning C5219: conversión implícita de "int" a "float"; posible pérdida de datos
C:\Users\uo271288\Desktop\SEV\Naves\Naves\Actor.cpp(30,31): warning C5219: conversión implícita de "int" a "float"; posible pérdida de datos
C:\Users\uo271288\Desktop\SEV\Naves\Naves\Actor.cpp(30,49): warning C5219: conversión implícita de "int" a "float"; posible pérdida de datos
C:\Users\uo271288\Desktop\SEV\Naves\Naves\Actor.cpp(31,31): warning C5219: conversión implícita de "int" a "float"; posible pérdida de datos
C:\Users\uo271288\Desktop\SEV\Naves\Naves\Actor.cpp(31,49): warning C5219: conversión implícita de "int" a "float"; posible pérdida de datos
C:\Users\uo271288\Desktop\SEV\Naves\dependencias\include\SDL_stdinc.h(423,23): warning C4514: 'SDL_memset4': se ha quitado la función insertada a la que no se hace referencia
C:\Users\uo271288\Desktop\SEV\Naves\dependencias\include\SDL_stdinc.h(604,24): warning C4514: 'SDL_memcpy4': se ha quitado la función insertada a la que no se hace referencia
C:\Users\uo271288\Desktop\SEV\Naves\dependencias\include\SDL_endian.h(110,1): warning C4514: 'SDL_Swap16': se ha quitado la función insertada a la que no se hace referencia
C:\Users\uo271288\Desktop\SEV\Naves\dependencias\include\SDL_endian.h(199,1): warning C4514: 'SDL_Swap64': se ha quitado la función insertada a la que no se hace referencia
C:\Users\uo271288\Desktop\SEV\Naves\dependencias\include\SDL_endian.h(216,1): warning C4514: 'SDL_SwapFloat': se ha quitado la función insertada a la que no se hace referencia
C:\Users\uo271288\Desktop\SEV\Naves\dependencias\include\SDL_rect.h(99,27): warning C4514: 'SDL_PointInRect': se ha quitado la función insertada a la que no se hace referencia
C:\Users\uo271288\Desktop\SEV\Naves\dependencias\include\SDL_rect.h(108,27): warning C4514: 'SDL_RectEmpty': se ha quitado la función insertada a la que no se hace referencia
C:\Users\uo271288\Desktop\SEV\Naves\dependencias\include\SDL_rect.h(116,27): warning C4514: 'SDL_RectEquals': se ha quitado la función insertada a la que no se hace referencia
  Background.cpp
C:\Users\uo271288\Desktop\SEV\Naves\dependencias\include\begin_code.h(37,8): warning C4668: '__GNUC__' no está definido como macro de preprocesador y se reemplaza por '0' para '#if/#elif'
C:\Users\uo271288\Desktop\SEV\Naves\dependencias\include\SDL_assert.h(68,9): warning C4668: '__GNUC__' no está definido como macro de preprocesador y se reemplaza por '0' para '#if/#elif'
C:\Users\uo271288\Desktop\SEV\Naves\dependencias\include\SDL_keyboard.h(52,18): warning C4820: 'SDL_Keysym': '2' bytes de relleno agregados después de miembro de datos 'SDL_Keysym::mod'
C:\Users\uo271288\Desktop\SEV\Naves\dependencias\include\SDL_haptic.h(453,18): warning C4820: 'SDL_HapticDirection': '3' bytes de relleno agregados después de miembro de datos 'SDL_HapticDirection::type'
C:\Users\uo271288\Desktop\SEV\Naves\dependencias\include\SDL_haptic.h(472,34): warning C4820: 'SDL_HapticConstant': '2' bytes de relleno agregados después de miembro de datos 'SDL_HapticConstant::type'
C:\Users\uo271288\Desktop\SEV\Naves\dependencias\include\SDL_haptic.h(555,34): warning C4820: 'SDL_HapticPeriodic': '2' bytes de relleno agregados después de miembro de datos 'SDL_HapticPeriodic::type'
C:\Users\uo271288\Desktop\SEV\Naves\dependencias\include\SDL_haptic.h(576,1): warning C4820: 'SDL_HapticPeriodic': '2' bytes de relleno agregados después de miembro de datos 'SDL_HapticPeriodic::fade_level'
C:\Users\uo271288\Desktop\SEV\Naves\dependencias\include\SDL_haptic.h(607,34): warning C4820: 'SDL_HapticCondition': '2' bytes de relleno agregados después de miembro de datos 'SDL_HapticCondition::type'
C:\Users\uo271288\Desktop\SEV\Naves\dependencias\include\SDL_haptic.h(624,1): warning C4820: 'SDL_HapticCondition': '2' bytes de relleno agregados después de miembro de datos 'SDL_HapticCondition::center'
C:\Users\uo271288\Desktop\SEV\Naves\dependencias\include\SDL_haptic.h(643,34): warning C4820: 'SDL_HapticRamp': '2' bytes de relleno agregados después de miembro de datos 'SDL_HapticRamp::type'
C:\Users\uo271288\Desktop\SEV\Naves\dependencias\include\SDL_haptic.h(662,1): warning C4820: 'SDL_HapticRamp': '2' bytes de relleno agregados después de miembro de datos 'SDL_HapticRamp::fade_level'
C:\Users\uo271288\Desktop\SEV\Naves\dependencias\include\SDL_haptic.h(682,18): warning C4820: 'SDL_HapticLeftRight': '2' bytes de relleno agregados después de miembro de datos 'SDL_HapticLeftRight::type'
C:\Users\uo271288\Desktop\SEV\Naves\dependencias\include\SDL_haptic.h(708,34): warning C4820: 'SDL_HapticCustom': '2' bytes de relleno agregados después de miembro de datos 'SDL_HapticCustom::type'
C:\Users\uo271288\Desktop\SEV\Naves\dependencias\include\SDL_haptic.h(720,18): warning C4820: 'SDL_HapticCustom': '1' bytes de relleno agregados después de miembro de datos 'SDL_HapticCustom::channels'
C:\Program Files\Microsoft Visual Studio\2022\Community\VC\Tools\MSVC\14.31.31103\include\xmemory(154,5): warning C4365: 'argumento': conversión de 'long' en 'unsigned int'; no coinciden signed/unsigned
C:\Program Files\Microsoft Visual Studio\2022\Community\VC\Tools\MSVC\14.31.31103\include\xmemory(164,5): warning C4365: 'argumento': conversión de 'long' en 'unsigned int'; no coinciden signed/unsigned
C:\Users\uo271288\Desktop\SEV\Naves\Naves\Actor.h(18,1): warning C5204: "Actor": la clase tiene funciones virtuales, pero su destructor trivial no es virtual; puede que las instancias de objetos derivados de esta clase no se destruyan correctamente
C:\Users\uo271288\Desktop\SEV\Naves\Naves\Background.h(9,1): warning C5204: "Background": la clase tiene funciones virtuales, pero su destructor trivial no es virtual; puede que las instancias de objetos derivados de esta clase no se destruyan correctamente
C:\Program Files\Microsoft Visual Studio\2022\Community\VC\Tools\MSVC\14.31.31103\include\atomic(206,9): warning C4365: 'argumento': conversión de 'long' en 'unsigned int'; no coinciden signed/unsigned
C:\Program Files\Microsoft Visual Studio\2022\Community\VC\Tools\MSVC\14.31.31103\include\atomic(221,9): warning C4365: 'argumento': conversión de 'long' en 'unsigned int'; no coinciden signed/unsigned
C:\Program Files\Microsoft Visual Studio\2022\Community\VC\Tools\MSVC\14.31.31103\include\atomic(237,9): warning C4365: 'argumento': conversión de 'long' en 'unsigned int'; no coinciden signed/unsigned
C:\Users\uo271288\Desktop\SEV\Naves\Naves\Layer.h(10,1): warning C5204: "Layer": la clase tiene funciones virtuales, pero su destructor trivial no es virtual; puede que las instancias de objetos derivados de esta clase no se destruyan correctamente
C:\Users\uo271288\Desktop\SEV\Naves\Naves\Game.h(30,19): warning C4820: 'Game': '3' bytes de relleno agregados después de miembro de datos 'Game::scaledToMax'
C:\Users\uo271288\Desktop\SEV\Naves\Naves\Game.h(35,18): warning C4820: 'Game': '3' bytes de relleno agregados después de miembro de datos 'Game::loopActive'
C:\Users\uo271288\Desktop\SEV\Naves\dependencias\include\SDL_stdinc.h(423,23): warning C4514: 'SDL_memset4': se ha quitado la función insertada a la que no se hace referencia
C:\Users\uo271288\Desktop\SEV\Naves\dependencias\include\SDL_stdinc.h(604,24): warning C4514: 'SDL_memcpy4': se ha quitado la función insertada a la que no se hace referencia
C:\Users\uo271288\Desktop\SEV\Naves\dependencias\include\SDL_endian.h(110,1): warning C4514: 'SDL_Swap16': se ha quitado la función insertada a la que no se hace referencia
C:\Users\uo271288\Desktop\SEV\Naves\dependencias\include\SDL_endian.h(199,1): warning C4514: 'SDL_Swap64': se ha quitado la función insertada a la que no se hace referencia
C:\Users\uo271288\Desktop\SEV\Naves\dependencias\include\SDL_endian.h(216,1): warning C4514: 'SDL_SwapFloat': se ha quitado la función insertada a la que no se hace referencia
C:\Users\uo271288\Desktop\SEV\Naves\dependencias\include\SDL_rect.h(99,27): warning C4514: 'SDL_PointInRect': se ha quitado la función insertada a la que no se hace referencia
C:\Users\uo271288\Desktop\SEV\Naves\dependencias\include\SDL_rect.h(108,27): warning C4514: 'SDL_RectEmpty': se ha quitado la función insertada a la que no se hace referencia
C:\Users\uo271288\Desktop\SEV\Naves\dependencias\include\SDL_rect.h(116,27): warning C4514: 'SDL_RectEquals': se ha quitado la función insertada a la que no se hace referencia
C:\Users\uo271288\Desktop\SEV\Naves\Naves\Game.h(24,23): warning C4514: 'Game::getRenderer': se ha quitado la función insertada a la que no se hace referencia
  Enemy.cpp
C:\Users\uo271288\Desktop\SEV\Naves\dependencias\include\begin_code.h(37,8): warning C4668: '__GNUC__' no está definido como macro de preprocesador y se reemplaza por '0' para '#if/#elif'
C:\Users\uo271288\Desktop\SEV\Naves\dependencias\include\SDL_assert.h(68,9): warning C4668: '__GNUC__' no está definido como macro de preprocesador y se reemplaza por '0' para '#if/#elif'
C:\Users\uo271288\Desktop\SEV\Naves\dependencias\include\SDL_keyboard.h(52,18): warning C4820: 'SDL_Keysym': '2' bytes de relleno agregados después de miembro de datos 'SDL_Keysym::mod'
C:\Users\uo271288\Desktop\SEV\Naves\dependencias\include\SDL_haptic.h(453,18): warning C4820: 'SDL_HapticDirection': '3' bytes de relleno agregados después de miembro de datos 'SDL_HapticDirection::type'
C:\Users\uo271288\Desktop\SEV\Naves\dependencias\include\SDL_haptic.h(472,34): warning C4820: 'SDL_HapticConstant': '2' bytes de relleno agregados después de miembro de datos 'SDL_HapticConstant::type'
C:\Users\uo271288\Desktop\SEV\Naves\dependencias\include\SDL_haptic.h(555,34): warning C4820: 'SDL_HapticPeriodic': '2' bytes de relleno agregados después de miembro de datos 'SDL_HapticPeriodic::type'
C:\Users\uo271288\Desktop\SEV\Naves\dependencias\include\SDL_haptic.h(576,1): warning C4820: 'SDL_HapticPeriodic': '2' bytes de relleno agregados después de miembro de datos 'SDL_HapticPeriodic::fade_level'
C:\Users\uo271288\Desktop\SEV\Naves\dependencias\include\SDL_haptic.h(607,34): warning C4820: 'SDL_HapticCondition': '2' bytes de relleno agregados después de miembro de datos 'SDL_HapticCondition::type'
C:\Users\uo271288\Desktop\SEV\Naves\dependencias\include\SDL_haptic.h(624,1): warning C4820: 'SDL_HapticCondition': '2' bytes de relleno agregados después de miembro de datos 'SDL_HapticCondition::center'
C:\Users\uo271288\Desktop\SEV\Naves\dependencias\include\SDL_haptic.h(643,34): warning C4820: 'SDL_HapticRamp': '2' bytes de relleno agregados después de miembro de datos 'SDL_HapticRamp::type'
C:\Users\uo271288\Desktop\SEV\Naves\dependencias\include\SDL_haptic.h(662,1): warning C4820: 'SDL_HapticRamp': '2' bytes de relleno agregados después de miembro de datos 'SDL_HapticRamp::fade_level'
C:\Users\uo271288\Desktop\SEV\Naves\dependencias\include\SDL_haptic.h(682,18): warning C4820: 'SDL_HapticLeftRight': '2' bytes de relleno agregados después de miembro de datos 'SDL_HapticLeftRight::type'
C:\Users\uo271288\Desktop\SEV\Naves\dependencias\include\SDL_haptic.h(708,34): warning C4820: 'SDL_HapticCustom': '2' bytes de relleno agregados después de miembro de datos 'SDL_HapticCustom::type'
C:\Users\uo271288\Desktop\SEV\Naves\dependencias\include\SDL_haptic.h(720,18): warning C4820: 'SDL_HapticCustom': '1' bytes de relleno agregados después de miembro de datos 'SDL_HapticCustom::channels'
C:\Program Files\Microsoft Visual Studio\2022\Community\VC\Tools\MSVC\14.31.31103\include\xmemory(154,5): warning C4365: 'argumento': conversión de 'long' en 'unsigned int'; no coinciden signed/unsigned
C:\Program Files\Microsoft Visual Studio\2022\Community\VC\Tools\MSVC\14.31.31103\include\xmemory(164,5): warning C4365: 'argumento': conversión de 'long' en 'unsigned int'; no coinciden signed/unsigned
C:\Users\uo271288\Desktop\SEV\Naves\Naves\Actor.h(18,1): warning C5204: "Actor": la clase tiene funciones virtuales, pero su destructor trivial no es virtual; puede que las instancias de objetos derivados de esta clase no se destruyan correctamente
C:\Users\uo271288\Desktop\SEV\Naves\Naves\Enemy.h(9,1): warning C5204: "Enemy": la clase tiene funciones virtuales, pero su destructor trivial no es virtual; puede que las instancias de objetos derivados de esta clase no se destruyan correctamente
C:\Users\uo271288\Desktop\SEV\Naves\dependencias\include\SDL_stdinc.h(423,23): warning C4514: 'SDL_memset4': se ha quitado la función insertada a la que no se hace referencia
C:\Users\uo271288\Desktop\SEV\Naves\dependencias\include\SDL_stdinc.h(604,24): warning C4514: 'SDL_memcpy4': se ha quitado la función insertada a la que no se hace referencia
C:\Users\uo271288\Desktop\SEV\Naves\dependencias\include\SDL_endian.h(110,1): warning C4514: 'SDL_Swap16': se ha quitado la función insertada a la que no se hace referencia
C:\Users\uo271288\Desktop\SEV\Naves\dependencias\include\SDL_endian.h(199,1): warning C4514: 'SDL_Swap64': se ha quitado la función insertada a la que no se hace referencia
C:\Users\uo271288\Desktop\SEV\Naves\dependencias\include\SDL_endian.h(216,1): warning C4514: 'SDL_SwapFloat': se ha quitado la función insertada a la que no se hace referencia
C:\Users\uo271288\Desktop\SEV\Naves\dependencias\include\SDL_rect.h(99,27): warning C4514: 'SDL_PointInRect': se ha quitado la función insertada a la que no se hace referencia
C:\Users\uo271288\Desktop\SEV\Naves\dependencias\include\SDL_rect.h(108,27): warning C4514: 'SDL_RectEmpty': se ha quitado la función insertada a la que no se hace referencia
C:\Users\uo271288\Desktop\SEV\Naves\dependencias\include\SDL_rect.h(116,27): warning C4514: 'SDL_RectEquals': se ha quitado la función insertada a la que no se hace referencia
  Game.cpp
C:\Program Files\Microsoft Visual Studio\2022\Community\VC\Tools\MSVC\14.31.31103\include\limits.h(70,5): warning C4668: '__STDC_WANT_SECURE_LIB__' no está definido como macro de preprocesador y se reemplaza por '0' para '#if/#elif'
C:\Program Files\Microsoft Visual Studio\2022\Community\VC\Tools\MSVC\14.31.31103\include\xmemory(154,5): warning C4365: 'argumento': conversión de 'long' en 'unsigned int'; no coinciden signed/unsigned
C:\Program Files\Microsoft Visual Studio\2022\Community\VC\Tools\MSVC\14.31.31103\include\xmemory(164,5): warning C4365: 'argumento': conversión de 'long' en 'unsigned int'; no coinciden signed/unsigned
C:\Program Files\Microsoft Visual Studio\2022\Community\VC\Tools\MSVC\14.31.31103\include\atomic(206,9): warning C4365: 'argumento': conversión de 'long' en 'unsigned int'; no coinciden signed/unsigned
C:\Program Files\Microsoft Visual Studio\2022\Community\VC\Tools\MSVC\14.31.31103\include\atomic(221,9): warning C4365: 'argumento': conversión de 'long' en 'unsigned int'; no coinciden signed/unsigned
C:\Program Files\Microsoft Visual Studio\2022\Community\VC\Tools\MSVC\14.31.31103\include\atomic(237,9): warning C4365: 'argumento': conversión de 'long' en 'unsigned int'; no coinciden signed/unsigned
C:\Users\uo271288\Desktop\SEV\Naves\dependencias\include\begin_code.h(37,8): warning C4668: '__GNUC__' no está definido como macro de preprocesador y se reemplaza por '0' para '#if/#elif'
C:\Users\uo271288\Desktop\SEV\Naves\dependencias\include\SDL_assert.h(68,9): warning C4668: '__GNUC__' no está definido como macro de preprocesador y se reemplaza por '0' para '#if/#elif'
C:\Users\uo271288\Desktop\SEV\Naves\dependencias\include\SDL_keyboard.h(52,18): warning C4820: 'SDL_Keysym': '2' bytes de relleno agregados después de miembro de datos 'SDL_Keysym::mod'
C:\Users\uo271288\Desktop\SEV\Naves\dependencias\include\SDL_haptic.h(453,18): warning C4820: 'SDL_HapticDirection': '3' bytes de relleno agregados después de miembro de datos 'SDL_HapticDirection::type'
C:\Users\uo271288\Desktop\SEV\Naves\dependencias\include\SDL_haptic.h(472,34): warning C4820: 'SDL_HapticConstant': '2' bytes de relleno agregados después de miembro de datos 'SDL_HapticConstant::type'
C:\Users\uo271288\Desktop\SEV\Naves\dependencias\include\SDL_haptic.h(555,34): warning C4820: 'SDL_HapticPeriodic': '2' bytes de relleno agregados después de miembro de datos 'SDL_HapticPeriodic::type'
C:\Users\uo271288\Desktop\SEV\Naves\dependencias\include\SDL_haptic.h(576,1): warning C4820: 'SDL_HapticPeriodic': '2' bytes de relleno agregados después de miembro de datos 'SDL_HapticPeriodic::fade_level'
C:\Users\uo271288\Desktop\SEV\Naves\dependencias\include\SDL_haptic.h(607,34): warning C4820: 'SDL_HapticCondition': '2' bytes de relleno agregados después de miembro de datos 'SDL_HapticCondition::type'
C:\Users\uo271288\Desktop\SEV\Naves\dependencias\include\SDL_haptic.h(624,1): warning C4820: 'SDL_HapticCondition': '2' bytes de relleno agregados después de miembro de datos 'SDL_HapticCondition::center'
C:\Users\uo271288\Desktop\SEV\Naves\dependencias\include\SDL_haptic.h(643,34): warning C4820: 'SDL_HapticRamp': '2' bytes de relleno agregados después de miembro de datos 'SDL_HapticRamp::type'
C:\Users\uo271288\Desktop\SEV\Naves\dependencias\include\SDL_haptic.h(662,1): warning C4820: 'SDL_HapticRamp': '2' bytes de relleno agregados después de miembro de datos 'SDL_HapticRamp::fade_level'
C:\Users\uo271288\Desktop\SEV\Naves\dependencias\include\SDL_haptic.h(682,18): warning C4820: 'SDL_HapticLeftRight': '2' bytes de relleno agregados después de miembro de datos 'SDL_HapticLeftRight::type'
C:\Users\uo271288\Desktop\SEV\Naves\dependencias\include\SDL_haptic.h(708,34): warning C4820: 'SDL_HapticCustom': '2' bytes de relleno agregados después de miembro de datos 'SDL_HapticCustom::type'
C:\Users\uo271288\Desktop\SEV\Naves\dependencias\include\SDL_haptic.h(720,18): warning C4820: 'SDL_HapticCustom': '1' bytes de relleno agregados después de miembro de datos 'SDL_HapticCustom::channels'
C:\Users\uo271288\Desktop\SEV\Naves\Naves\Layer.h(10,1): warning C5204: "Layer": la clase tiene funciones virtuales, pero su destructor trivial no es virtual; puede que las instancias de objetos derivados de esta clase no se destruyan correctamente
C:\Users\uo271288\Desktop\SEV\Naves\Naves\Game.h(30,19): warning C4820: 'Game': '3' bytes de relleno agregados después de miembro de datos 'Game::scaledToMax'
C:\Users\uo271288\Desktop\SEV\Naves\Naves\Game.h(35,18): warning C4820: 'Game': '3' bytes de relleno agregados después de miembro de datos 'Game::loopActive'
C:\Users\uo271288\Desktop\SEV\Naves\Naves\Actor.h(18,1): warning C5204: "Actor": la clase tiene funciones virtuales, pero su destructor trivial no es virtual; puede que las instancias de objetos derivados de esta clase no se destruyan correctamente
C:\Users\uo271288\Desktop\SEV\Naves\Naves\Projectile.h(9,1): warning C5204: "Projectile": la clase tiene funciones virtuales, pero su destructor trivial no es virtual; puede que las instancias de objetos derivados de esta clase no se destruyan correctamente
C:\Users\uo271288\Desktop\SEV\Naves\Naves\Player.h(18,1): warning C5204: "Player": la clase tiene funciones virtuales, pero su destructor trivial no es virtual; puede que las instancias de objetos derivados de esta clase no se destruyan correctamente
C:\Users\uo271288\Desktop\SEV\Naves\Naves\Background.h(9,1): warning C5204: "Background": la clase tiene funciones virtuales, pero su destructor trivial no es virtual; puede que las instancias de objetos derivados de esta clase no se destruyan correctamente
C:\Users\uo271288\Desktop\SEV\Naves\Naves\Enemy.h(9,1): warning C5204: "Enemy": la clase tiene funciones virtuales, pero su destructor trivial no es virtual; puede que las instancias de objetos derivados de esta clase no se destruyan correctamente
C:\Users\uo271288\Desktop\SEV\Naves\Naves\GameLayer.h(28,19): warning C4820: 'GameLayer': '3' bytes de relleno agregados después de miembro de datos 'GameLayer::controlShoot'
C:\Users\uo271288\Desktop\SEV\Naves\Naves\GameLayer.h(32,1): warning C4265: "GameLayer": la clase tiene funciones virtuales, pero su destructor no trivial no es virtual; puede que las instancias de esta clase no se destruyan correctamente
C:\Users\uo271288\Desktop\SEV\Naves\Naves\Game.cpp(28,28): warning C4365: '=': conversión de 'Uint32' en 'int'; no coinciden signed/unsigned
C:\Users\uo271288\Desktop\SEV\Naves\Naves\Game.cpp(34,27): warning C4365: '=': conversión de 'Uint32' en 'int'; no coinciden signed/unsigned
C:\Users\uo271288\Desktop\SEV\Naves\Naves\Game.cpp(38,36): warning C4365: 'argumento': conversión de 'int' en 'Uint32'; no coinciden signed/unsigned
C:\Users\uo271288\Desktop\SEV\Naves\dependencias\include\SDL_stdinc.h(423,23): warning C4514: 'SDL_memset4': se ha quitado la función insertada a la que no se hace referencia
C:\Users\uo271288\Desktop\SEV\Naves\dependencias\include\SDL_stdinc.h(604,24): warning C4514: 'SDL_memcpy4': se ha quitado la función insertada a la que no se hace referencia
C:\Users\uo271288\Desktop\SEV\Naves\dependencias\include\SDL_endian.h(110,1): warning C4514: 'SDL_Swap16': se ha quitado la función insertada a la que no se hace referencia
C:\Users\uo271288\Desktop\SEV\Naves\dependencias\include\SDL_endian.h(199,1): warning C4514: 'SDL_Swap64': se ha quitado la función insertada a la que no se hace referencia
C:\Users\uo271288\Desktop\SEV\Naves\dependencias\include\SDL_endian.h(216,1): warning C4514: 'SDL_SwapFloat': se ha quitado la función insertada a la que no se hace referencia
C:\Users\uo271288\Desktop\SEV\Naves\dependencias\include\SDL_rect.h(99,27): warning C4514: 'SDL_PointInRect': se ha quitado la función insertada a la que no se hace referencia
C:\Users\uo271288\Desktop\SEV\Naves\dependencias\include\SDL_rect.h(108,27): warning C4514: 'SDL_RectEmpty': se ha quitado la función insertada a la que no se hace referencia
C:\Users\uo271288\Desktop\SEV\Naves\dependencias\include\SDL_rect.h(116,27): warning C4514: 'SDL_RectEquals': se ha quitado la función insertada a la que no se hace referencia
C:\Users\uo271288\Desktop\SEV\Naves\Naves\Game.h(24,23): warning C4514: 'Game::getRenderer': se ha quitado la función insertada a la que no se hace referencia
  GameLayer.cpp
C:\Users\uo271288\Desktop\SEV\Naves\Naves\Layer.h(10,1): warning C5204: "Layer": la clase tiene funciones virtuales, pero su destructor trivial no es virtual; puede que las instancias de objetos derivados de esta clase no se destruyan correctamente
C:\Program Files\Microsoft Visual Studio\2022\Community\VC\Tools\MSVC\14.31.31103\include\xmemory(154,5): warning C4365: 'argumento': conversión de 'long' en 'unsigned int'; no coinciden signed/unsigned
C:\Program Files\Microsoft Visual Studio\2022\Community\VC\Tools\MSVC\14.31.31103\include\xmemory(164,5): warning C4365: 'argumento': conversión de 'long' en 'unsigned int'; no coinciden signed/unsigned
C:\Users\uo271288\Desktop\SEV\Naves\dependencias\include\begin_code.h(37,8): warning C4668: '__GNUC__' no está definido como macro de preprocesador y se reemplaza por '0' para '#if/#elif'
C:\Users\uo271288\Desktop\SEV\Naves\dependencias\include\SDL_assert.h(68,9): warning C4668: '__GNUC__' no está definido como macro de preprocesador y se reemplaza por '0' para '#if/#elif'
C:\Users\uo271288\Desktop\SEV\Naves\dependencias\include\SDL_keyboard.h(52,18): warning C4820: 'SDL_Keysym': '2' bytes de relleno agregados después de miembro de datos 'SDL_Keysym::mod'
C:\Users\uo271288\Desktop\SEV\Naves\dependencias\include\SDL_haptic.h(453,18): warning C4820: 'SDL_HapticDirection': '3' bytes de relleno agregados después de miembro de datos 'SDL_HapticDirection::type'
C:\Users\uo271288\Desktop\SEV\Naves\dependencias\include\SDL_haptic.h(472,34): warning C4820: 'SDL_HapticConstant': '2' bytes de relleno agregados después de miembro de datos 'SDL_HapticConstant::type'
C:\Users\uo271288\Desktop\SEV\Naves\dependencias\include\SDL_haptic.h(555,34): warning C4820: 'SDL_HapticPeriodic': '2' bytes de relleno agregados después de miembro de datos 'SDL_HapticPeriodic::type'
C:\Users\uo271288\Desktop\SEV\Naves\dependencias\include\SDL_haptic.h(576,1): warning C4820: 'SDL_HapticPeriodic': '2' bytes de relleno agregados después de miembro de datos 'SDL_HapticPeriodic::fade_level'
C:\Users\uo271288\Desktop\SEV\Naves\dependencias\include\SDL_haptic.h(607,34): warning C4820: 'SDL_HapticCondition': '2' bytes de relleno agregados después de miembro de datos 'SDL_HapticCondition::type'
C:\Users\uo271288\Desktop\SEV\Naves\dependencias\include\SDL_haptic.h(624,1): warning C4820: 'SDL_HapticCondition': '2' bytes de relleno agregados después de miembro de datos 'SDL_HapticCondition::center'
C:\Users\uo271288\Desktop\SEV\Naves\dependencias\include\SDL_haptic.h(643,34): warning C4820: 'SDL_HapticRamp': '2' bytes de relleno agregados después de miembro de datos 'SDL_HapticRamp::type'
C:\Users\uo271288\Desktop\SEV\Naves\dependencias\include\SDL_haptic.h(662,1): warning C4820: 'SDL_HapticRamp': '2' bytes de relleno agregados después de miembro de datos 'SDL_HapticRamp::fade_level'
C:\Users\uo271288\Desktop\SEV\Naves\dependencias\include\SDL_haptic.h(682,18): warning C4820: 'SDL_HapticLeftRight': '2' bytes de relleno agregados después de miembro de datos 'SDL_HapticLeftRight::type'
C:\Users\uo271288\Desktop\SEV\Naves\dependencias\include\SDL_haptic.h(708,34): warning C4820: 'SDL_HapticCustom': '2' bytes de relleno agregados después de miembro de datos 'SDL_HapticCustom::type'
C:\Users\uo271288\Desktop\SEV\Naves\dependencias\include\SDL_haptic.h(720,18): warning C4820: 'SDL_HapticCustom': '1' bytes de relleno agregados después de miembro de datos 'SDL_HapticCustom::channels'
C:\Users\uo271288\Desktop\SEV\Naves\Naves\Actor.h(18,1): warning C5204: "Actor": la clase tiene funciones virtuales, pero su destructor trivial no es virtual; puede que las instancias de objetos derivados de esta clase no se destruyan correctamente
C:\Users\uo271288\Desktop\SEV\Naves\Naves\Projectile.h(9,1): warning C5204: "Projectile": la clase tiene funciones virtuales, pero su destructor trivial no es virtual; puede que las instancias de objetos derivados de esta clase no se destruyan correctamente
C:\Users\uo271288\Desktop\SEV\Naves\Naves\Player.h(18,1): warning C5204: "Player": la clase tiene funciones virtuales, pero su destructor trivial no es virtual; puede que las instancias de objetos derivados de esta clase no se destruyan correctamente
C:\Users\uo271288\Desktop\SEV\Naves\Naves\Background.h(9,1): warning C5204: "Background": la clase tiene funciones virtuales, pero su destructor trivial no es virtual; puede que las instancias de objetos derivados de esta clase no se destruyan correctamente
C:\Users\uo271288\Desktop\SEV\Naves\Naves\Enemy.h(9,1): warning C5204: "Enemy": la clase tiene funciones virtuales, pero su destructor trivial no es virtual; puede que las instancias de objetos derivados de esta clase no se destruyan correctamente
C:\Users\uo271288\Desktop\SEV\Naves\Naves\GameLayer.h(28,19): warning C4820: 'GameLayer': '3' bytes de relleno agregados después de miembro de datos 'GameLayer::controlShoot'
C:\Users\uo271288\Desktop\SEV\Naves\Naves\GameLayer.h(32,1): warning C4265: "GameLayer": la clase tiene funciones virtuales, pero su destructor no trivial no es virtual; puede que las instancias de esta clase no se destruyan correctamente
C:\Program Files\Microsoft Visual Studio\2022\Community\VC\Tools\MSVC\14.31.31103\include\atomic(206,9): warning C4365: 'argumento': conversión de 'long' en 'unsigned int'; no coinciden signed/unsigned
C:\Program Files\Microsoft Visual Studio\2022\Community\VC\Tools\MSVC\14.31.31103\include\atomic(221,9): warning C4365: 'argumento': conversión de 'long' en 'unsigned int'; no coinciden signed/unsigned
C:\Program Files\Microsoft Visual Studio\2022\Community\VC\Tools\MSVC\14.31.31103\include\atomic(237,9): warning C4365: 'argumento': conversión de 'long' en 'unsigned int'; no coinciden signed/unsigned
C:\Users\uo271288\Desktop\SEV\Naves\Naves\Game.h(30,19): warning C4820: 'Game': '3' bytes de relleno agregados después de miembro de datos 'Game::scaledToMax'
C:\Users\uo271288\Desktop\SEV\Naves\Naves\Game.h(35,18): warning C4820: 'Game': '3' bytes de relleno agregados después de miembro de datos 'Game::loopActive'
C:\Users\uo271288\Desktop\SEV\Naves\Naves\GameLayer.cpp(30,17): warning C4244: 'argumento': conversión de 'int' a 'float'; posible pérdida de datos
C:\Users\uo271288\Desktop\SEV\Naves\Naves\GameLayer.cpp(31,17): warning C4244: 'argumento': conversión de 'int' a 'float'; posible pérdida de datos
C:\Users\uo271288\Desktop\SEV\Naves\Naves\GameLayer.cpp(63,42): warning C4100: 'event': parámetro formal sin referencia
C:\Users\uo271288\Desktop\SEV\Naves\dependencias\include\SDL_stdinc.h(423,23): warning C4514: 'SDL_memset4': se ha quitado la función insertada a la que no se hace referencia
C:\Users\uo271288\Desktop\SEV\Naves\dependencias\include\SDL_stdinc.h(604,24): warning C4514: 'SDL_memcpy4': se ha quitado la función insertada a la que no se hace referencia
C:\Users\uo271288\Desktop\SEV\Naves\dependencias\include\SDL_endian.h(110,1): warning C4514: 'SDL_Swap16': se ha quitado la función insertada a la que no se hace referencia
C:\Users\uo271288\Desktop\SEV\Naves\dependencias\include\SDL_endian.h(199,1): warning C4514: 'SDL_Swap64': se ha quitado la función insertada a la que no se hace referencia
C:\Users\uo271288\Desktop\SEV\Naves\dependencias\include\SDL_endian.h(216,1): warning C4514: 'SDL_SwapFloat': se ha quitado la función insertada a la que no se hace referencia
C:\Users\uo271288\Desktop\SEV\Naves\dependencias\include\SDL_rect.h(99,27): warning C4514: 'SDL_PointInRect': se ha quitado la función insertada a la que no se hace referencia
C:\Users\uo271288\Desktop\SEV\Naves\dependencias\include\SDL_rect.h(108,27): warning C4514: 'SDL_RectEmpty': se ha quitado la función insertada a la que no se hace referencia
C:\Users\uo271288\Desktop\SEV\Naves\dependencias\include\SDL_rect.h(116,27): warning C4514: 'SDL_RectEquals': se ha quitado la función insertada a la que no se hace referencia
  Layer.cpp
C:\Users\uo271288\Desktop\SEV\Naves\Naves\Layer.h(10,1): warning C5204: "Layer": la clase tiene funciones virtuales, pero su destructor trivial no es virtual; puede que las instancias de objetos derivados de esta clase no se destruyan correctamente
  Main.cpp
C:\Program Files\Microsoft Visual Studio\2022\Community\VC\Tools\MSVC\14.31.31103\include\limits.h(70,5): warning C4668: '__STDC_WANT_SECURE_LIB__' no está definido como macro de preprocesador y se reemplaza por '0' para '#if/#elif'
C:\Program Files\Microsoft Visual Studio\2022\Community\VC\Tools\MSVC\14.31.31103\include\xmemory(154,5): warning C4365: 'argumento': conversión de 'long' en 'unsigned int'; no coinciden signed/unsigned
C:\Program Files\Microsoft Visual Studio\2022\Community\VC\Tools\MSVC\14.31.31103\include\xmemory(164,5): warning C4365: 'argumento': conversión de 'long' en 'unsigned int'; no coinciden signed/unsigned
C:\Program Files\Microsoft Visual Studio\2022\Community\VC\Tools\MSVC\14.31.31103\include\atomic(206,9): warning C4365: 'argumento': conversión de 'long' en 'unsigned int'; no coinciden signed/unsigned
C:\Program Files\Microsoft Visual Studio\2022\Community\VC\Tools\MSVC\14.31.31103\include\atomic(221,9): warning C4365: 'argumento': conversión de 'long' en 'unsigned int'; no coinciden signed/unsigned
C:\Program Files\Microsoft Visual Studio\2022\Community\VC\Tools\MSVC\14.31.31103\include\atomic(237,9): warning C4365: 'argumento': conversión de 'long' en 'unsigned int'; no coinciden signed/unsigned
C:\Users\uo271288\Desktop\SEV\Naves\dependencias\include\begin_code.h(37,8): warning C4668: '__GNUC__' no está definido como macro de preprocesador y se reemplaza por '0' para '#if/#elif'
C:\Users\uo271288\Desktop\SEV\Naves\dependencias\include\SDL_assert.h(68,9): warning C4668: '__GNUC__' no está definido como macro de preprocesador y se reemplaza por '0' para '#if/#elif'
C:\Users\uo271288\Desktop\SEV\Naves\dependencias\include\SDL_keyboard.h(52,18): warning C4820: 'SDL_Keysym': '2' bytes de relleno agregados después de miembro de datos 'SDL_Keysym::mod'
C:\Users\uo271288\Desktop\SEV\Naves\dependencias\include\SDL_haptic.h(453,18): warning C4820: 'SDL_HapticDirection': '3' bytes de relleno agregados después de miembro de datos 'SDL_HapticDirection::type'
C:\Users\uo271288\Desktop\SEV\Naves\dependencias\include\SDL_haptic.h(472,34): warning C4820: 'SDL_HapticConstant': '2' bytes de relleno agregados después de miembro de datos 'SDL_HapticConstant::type'
C:\Users\uo271288\Desktop\SEV\Naves\dependencias\include\SDL_haptic.h(555,34): warning C4820: 'SDL_HapticPeriodic': '2' bytes de relleno agregados después de miembro de datos 'SDL_HapticPeriodic::type'
C:\Users\uo271288\Desktop\SEV\Naves\dependencias\include\SDL_haptic.h(576,1): warning C4820: 'SDL_HapticPeriodic': '2' bytes de relleno agregados después de miembro de datos 'SDL_HapticPeriodic::fade_level'
C:\Users\uo271288\Desktop\SEV\Naves\dependencias\include\SDL_haptic.h(607,34): warning C4820: 'SDL_HapticCondition': '2' bytes de relleno agregados después de miembro de datos 'SDL_HapticCondition::type'
C:\Users\uo271288\Desktop\SEV\Naves\dependencias\include\SDL_haptic.h(624,1): warning C4820: 'SDL_HapticCondition': '2' bytes de relleno agregados después de miembro de datos 'SDL_HapticCondition::center'
C:\Users\uo271288\Desktop\SEV\Naves\dependencias\include\SDL_haptic.h(643,34): warning C4820: 'SDL_HapticRamp': '2' bytes de relleno agregados después de miembro de datos 'SDL_HapticRamp::type'
C:\Users\uo271288\Desktop\SEV\Naves\dependencias\include\SDL_haptic.h(662,1): warning C4820: 'SDL_HapticRamp': '2' bytes de relleno agregados después de miembro de datos 'SDL_HapticRamp::fade_level'
C:\Users\uo271288\Desktop\SEV\Naves\dependencias\include\SDL_haptic.h(682,18): warning C4820: 'SDL_HapticLeftRight': '2' bytes de relleno agregados después de miembro de datos 'SDL_HapticLeftRight::type'
C:\Users\uo271288\Desktop\SEV\Naves\dependencias\include\SDL_haptic.h(708,34): warning C4820: 'SDL_HapticCustom': '2' bytes de relleno agregados después de miembro de datos 'SDL_HapticCustom::type'
C:\Users\uo271288\Desktop\SEV\Naves\dependencias\include\SDL_haptic.h(720,18): warning C4820: 'SDL_HapticCustom': '1' bytes de relleno agregados después de miembro de datos 'SDL_HapticCustom::channels'
C:\Users\uo271288\Desktop\SEV\Naves\Naves\Layer.h(10,1): warning C5204: "Layer": la clase tiene funciones virtuales, pero su destructor trivial no es virtual; puede que las instancias de objetos derivados de esta clase no se destruyan correctamente
C:\Users\uo271288\Desktop\SEV\Naves\Naves\Game.h(30,19): warning C4820: 'Game': '3' bytes de relleno agregados después de miembro de datos 'Game::scaledToMax'
C:\Users\uo271288\Desktop\SEV\Naves\Naves\Game.h(35,18): warning C4820: 'Game': '3' bytes de relleno agregados después de miembro de datos 'Game::loopActive'
C:\Users\uo271288\Desktop\SEV\Naves\dependencias\include\SDL_stdinc.h(423,23): warning C4514: 'SDL_memset4': se ha quitado la función insertada a la que no se hace referencia
C:\Users\uo271288\Desktop\SEV\Naves\dependencias\include\SDL_stdinc.h(604,24): warning C4514: 'SDL_memcpy4': se ha quitado la función insertada a la que no se hace referencia
C:\Users\uo271288\Desktop\SEV\Naves\dependencias\include\SDL_endian.h(110,1): warning C4514: 'SDL_Swap16': se ha quitado la función insertada a la que no se hace referencia
C:\Users\uo271288\Desktop\SEV\Naves\dependencias\include\SDL_endian.h(199,1): warning C4514: 'SDL_Swap64': se ha quitado la función insertada a la que no se hace referencia
C:\Users\uo271288\Desktop\SEV\Naves\dependencias\include\SDL_endian.h(216,1): warning C4514: 'SDL_SwapFloat': se ha quitado la función insertada a la que no se hace referencia
C:\Users\uo271288\Desktop\SEV\Naves\dependencias\include\SDL_rect.h(99,27): warning C4514: 'SDL_PointInRect': se ha quitado la función insertada a la que no se hace referencia
C:\Users\uo271288\Desktop\SEV\Naves\dependencias\include\SDL_rect.h(108,27): warning C4514: 'SDL_RectEmpty': se ha quitado la función insertada a la que no se hace referencia
C:\Users\uo271288\Desktop\SEV\Naves\dependencias\include\SDL_rect.h(116,27): warning C4514: 'SDL_RectEquals': se ha quitado la función insertada a la que no se hace referencia
C:\Users\uo271288\Desktop\SEV\Naves\Naves\Game.h(24,23): warning C4514: 'Game::getRenderer': se ha quitado la función insertada a la que no se hace referencia
  Player.cpp
C:\Users\uo271288\Desktop\SEV\Naves\dependencias\include\begin_code.h(37,8): warning C4668: '__GNUC__' no está definido como macro de preprocesador y se reemplaza por '0' para '#if/#elif'
C:\Users\uo271288\Desktop\SEV\Naves\dependencias\include\SDL_assert.h(68,9): warning C4668: '__GNUC__' no está definido como macro de preprocesador y se reemplaza por '0' para '#if/#elif'
C:\Users\uo271288\Desktop\SEV\Naves\dependencias\include\SDL_keyboard.h(52,18): warning C4820: 'SDL_Keysym': '2' bytes de relleno agregados después de miembro de datos 'SDL_Keysym::mod'
C:\Users\uo271288\Desktop\SEV\Naves\dependencias\include\SDL_haptic.h(453,18): warning C4820: 'SDL_HapticDirection': '3' bytes de relleno agregados después de miembro de datos 'SDL_HapticDirection::type'
C:\Users\uo271288\Desktop\SEV\Naves\dependencias\include\SDL_haptic.h(472,34): warning C4820: 'SDL_HapticConstant': '2' bytes de relleno agregados después de miembro de datos 'SDL_HapticConstant::type'
C:\Users\uo271288\Desktop\SEV\Naves\dependencias\include\SDL_haptic.h(555,34): warning C4820: 'SDL_HapticPeriodic': '2' bytes de relleno agregados después de miembro de datos 'SDL_HapticPeriodic::type'
C:\Users\uo271288\Desktop\SEV\Naves\dependencias\include\SDL_haptic.h(576,1): warning C4820: 'SDL_HapticPeriodic': '2' bytes de relleno agregados después de miembro de datos 'SDL_HapticPeriodic::fade_level'
C:\Users\uo271288\Desktop\SEV\Naves\dependencias\include\SDL_haptic.h(607,34): warning C4820: 'SDL_HapticCondition': '2' bytes de relleno agregados después de miembro de datos 'SDL_HapticCondition::type'
C:\Users\uo271288\Desktop\SEV\Naves\dependencias\include\SDL_haptic.h(624,1): warning C4820: 'SDL_HapticCondition': '2' bytes de relleno agregados después de miembro de datos 'SDL_HapticCondition::center'
C:\Users\uo271288\Desktop\SEV\Naves\dependencias\include\SDL_haptic.h(643,34): warning C4820: 'SDL_HapticRamp': '2' bytes de relleno agregados después de miembro de datos 'SDL_HapticRamp::type'
C:\Users\uo271288\Desktop\SEV\Naves\dependencias\include\SDL_haptic.h(662,1): warning C4820: 'SDL_HapticRamp': '2' bytes de relleno agregados después de miembro de datos 'SDL_HapticRamp::fade_level'
C:\Users\uo271288\Desktop\SEV\Naves\dependencias\include\SDL_haptic.h(682,18): warning C4820: 'SDL_HapticLeftRight': '2' bytes de relleno agregados después de miembro de datos 'SDL_HapticLeftRight::type'
C:\Users\uo271288\Desktop\SEV\Naves\dependencias\include\SDL_haptic.h(708,34): warning C4820: 'SDL_HapticCustom': '2' bytes de relleno agregados después de miembro de datos 'SDL_HapticCustom::type'
C:\Users\uo271288\Desktop\SEV\Naves\dependencias\include\SDL_haptic.h(720,18): warning C4820: 'SDL_HapticCustom': '1' bytes de relleno agregados después de miembro de datos 'SDL_HapticCustom::channels'
C:\Program Files\Microsoft Visual Studio\2022\Community\VC\Tools\MSVC\14.31.31103\include\xmemory(154,5): warning C4365: 'argumento': conversión de 'long' en 'unsigned int'; no coinciden signed/unsigned
C:\Program Files\Microsoft Visual Studio\2022\Community\VC\Tools\MSVC\14.31.31103\include\xmemory(164,5): warning C4365: 'argumento': conversión de 'long' en 'unsigned int'; no coinciden signed/unsigned
C:\Users\uo271288\Desktop\SEV\Naves\Naves\Actor.h(18,1): warning C5204: "Actor": la clase tiene funciones virtuales, pero su destructor trivial no es virtual; puede que las instancias de objetos derivados de esta clase no se destruyan correctamente
C:\Users\uo271288\Desktop\SEV\Naves\Naves\Projectile.h(9,1): warning C5204: "Projectile": la clase tiene funciones virtuales, pero su destructor trivial no es virtual; puede que las instancias de objetos derivados de esta clase no se destruyan correctamente
C:\Users\uo271288\Desktop\SEV\Naves\Naves\Player.h(18,1): warning C5204: "Player": la clase tiene funciones virtuales, pero su destructor trivial no es virtual; puede que las instancias de objetos derivados de esta clase no se destruyan correctamente
C:\Users\uo271288\Desktop\SEV\Naves\dependencias\include\SDL_stdinc.h(423,23): warning C4514: 'SDL_memset4': se ha quitado la función insertada a la que no se hace referencia
C:\Users\uo271288\Desktop\SEV\Naves\dependencias\include\SDL_stdinc.h(604,24): warning C4514: 'SDL_memcpy4': se ha quitado la función insertada a la que no se hace referencia
C:\Users\uo271288\Desktop\SEV\Naves\dependencias\include\SDL_endian.h(110,1): warning C4514: 'SDL_Swap16': se ha quitado la función insertada a la que no se hace referencia
C:\Users\uo271288\Desktop\SEV\Naves\dependencias\include\SDL_endian.h(199,1): warning C4514: 'SDL_Swap64': se ha quitado la función insertada a la que no se hace referencia
C:\Users\uo271288\Desktop\SEV\Naves\dependencias\include\SDL_endian.h(216,1): warning C4514: 'SDL_SwapFloat': se ha quitado la función insertada a la que no se hace referencia
C:\Users\uo271288\Desktop\SEV\Naves\dependencias\include\SDL_rect.h(99,27): warning C4514: 'SDL_PointInRect': se ha quitado la función insertada a la que no se hace referencia
C:\Users\uo271288\Desktop\SEV\Naves\dependencias\include\SDL_rect.h(108,27): warning C4514: 'SDL_RectEmpty': se ha quitado la función insertada a la que no se hace referencia
C:\Users\uo271288\Desktop\SEV\Naves\dependencias\include\SDL_rect.h(116,27): warning C4514: 'SDL_RectEquals': se ha quitado la función insertada a la que no se hace referencia
  Projectile.cpp
C:\Users\uo271288\Desktop\SEV\Naves\dependencias\include\begin_code.h(37,8): warning C4668: '__GNUC__' no está definido como macro de preprocesador y se reemplaza por '0' para '#if/#elif'
C:\Users\uo271288\Desktop\SEV\Naves\dependencias\include\SDL_assert.h(68,9): warning C4668: '__GNUC__' no está definido como macro de preprocesador y se reemplaza por '0' para '#if/#elif'
C:\Users\uo271288\Desktop\SEV\Naves\dependencias\include\SDL_keyboard.h(52,18): warning C4820: 'SDL_Keysym': '2' bytes de relleno agregados después de miembro de datos 'SDL_Keysym::mod'
C:\Users\uo271288\Desktop\SEV\Naves\dependencias\include\SDL_haptic.h(453,18): warning C4820: 'SDL_HapticDirection': '3' bytes de relleno agregados después de miembro de datos 'SDL_HapticDirection::type'
C:\Users\uo271288\Desktop\SEV\Naves\dependencias\include\SDL_haptic.h(472,34): warning C4820: 'SDL_HapticConstant': '2' bytes de relleno agregados después de miembro de datos 'SDL_HapticConstant::type'
C:\Users\uo271288\Desktop\SEV\Naves\dependencias\include\SDL_haptic.h(555,34): warning C4820: 'SDL_HapticPeriodic': '2' bytes de relleno agregados después de miembro de datos 'SDL_HapticPeriodic::type'
C:\Users\uo271288\Desktop\SEV\Naves\dependencias\include\SDL_haptic.h(576,1): warning C4820: 'SDL_HapticPeriodic': '2' bytes de relleno agregados después de miembro de datos 'SDL_HapticPeriodic::fade_level'
C:\Users\uo271288\Desktop\SEV\Naves\dependencias\include\SDL_haptic.h(607,34): warning C4820: 'SDL_HapticCondition': '2' bytes de relleno agregados después de miembro de datos 'SDL_HapticCondition::type'
C:\Users\uo271288\Desktop\SEV\Naves\dependencias\include\SDL_haptic.h(624,1): warning C4820: 'SDL_HapticCondition': '2' bytes de relleno agregados después de miembro de datos 'SDL_HapticCondition::center'
C:\Users\uo271288\Desktop\SEV\Naves\dependencias\include\SDL_haptic.h(643,34): warning C4820: 'SDL_HapticRamp': '2' bytes de relleno agregados después de miembro de datos 'SDL_HapticRamp::type'
C:\Users\uo271288\Desktop\SEV\Naves\dependencias\include\SDL_haptic.h(662,1): warning C4820: 'SDL_HapticRamp': '2' bytes de relleno agregados después de miembro de datos 'SDL_HapticRamp::fade_level'
C:\Users\uo271288\Desktop\SEV\Naves\dependencias\include\SDL_haptic.h(682,18): warning C4820: 'SDL_HapticLeftRight': '2' bytes de relleno agregados después de miembro de datos 'SDL_HapticLeftRight::type'
C:\Users\uo271288\Desktop\SEV\Naves\dependencias\include\SDL_haptic.h(708,34): warning C4820: 'SDL_HapticCustom': '2' bytes de relleno agregados después de miembro de datos 'SDL_HapticCustom::type'
C:\Users\uo271288\Desktop\SEV\Naves\dependencias\include\SDL_haptic.h(720,18): warning C4820: 'SDL_HapticCustom': '1' bytes de relleno agregados después de miembro de datos 'SDL_HapticCustom::channels'
C:\Program Files\Microsoft Visual Studio\2022\Community\VC\Tools\MSVC\14.31.31103\include\xmemory(154,5): warning C4365: 'argumento': conversión de 'long' en 'unsigned int'; no coinciden signed/unsigned
C:\Program Files\Microsoft Visual Studio\2022\Community\VC\Tools\MSVC\14.31.31103\include\xmemory(164,5): warning C4365: 'argumento': conversión de 'long' en 'unsigned int'; no coinciden signed/unsigned
C:\Users\uo271288\Desktop\SEV\Naves\Naves\Actor.h(18,1): warning C5204: "Actor": la clase tiene funciones virtuales, pero su destructor trivial no es virtual; puede que las instancias de objetos derivados de esta clase no se destruyan correctamente
C:\Users\uo271288\Desktop\SEV\Naves\Naves\Projectile.h(9,1): warning C5204: "Projectile": la clase tiene funciones virtuales, pero su destructor trivial no es virtual; puede que las instancias de objetos derivados de esta clase no se destruyan correctamente
C:\Users\uo271288\Desktop\SEV\Naves\dependencias\include\SDL_stdinc.h(423,23): warning C4514: 'SDL_memset4': se ha quitado la función insertada a la que no se hace referencia
C:\Users\uo271288\Desktop\SEV\Naves\dependencias\include\SDL_stdinc.h(604,24): warning C4514: 'SDL_memcpy4': se ha quitado la función insertada a la que no se hace referencia
C:\Users\uo271288\Desktop\SEV\Naves\dependencias\include\SDL_endian.h(110,1): warning C4514: 'SDL_Swap16': se ha quitado la función insertada a la que no se hace referencia
C:\Users\uo271288\Desktop\SEV\Naves\dependencias\include\SDL_endian.h(199,1): warning C4514: 'SDL_Swap64': se ha quitado la función insertada a la que no se hace referencia
C:\Users\uo271288\Desktop\SEV\Naves\dependencias\include\SDL_endian.h(216,1): warning C4514: 'SDL_SwapFloat': se ha quitado la función insertada a la que no se hace referencia
C:\Users\uo271288\Desktop\SEV\Naves\dependencias\include\SDL_rect.h(99,27): warning C4514: 'SDL_PointInRect': se ha quitado la función insertada a la que no se hace referencia
C:\Users\uo271288\Desktop\SEV\Naves\dependencias\include\SDL_rect.h(108,27): warning C4514: 'SDL_RectEmpty': se ha quitado la función insertada a la que no se hace referencia
C:\Users\uo271288\Desktop\SEV\Naves\dependencias\include\SDL_rect.h(116,27): warning C4514: 'SDL_RectEquals': se ha quitado la función insertada a la que no se hace referencia
  Generando código...
C:\Users\uo271288\Desktop\SEV\Naves\Naves\Game.cpp(38): warning C5045: El compilador insertará la mitigación de Spectre para la carga de memoria si se especificó el modificador /Qspectre
  C:\Users\uo271288\Desktop\SEV\Naves\Naves\Game.cpp(37) : nota: el intervalo "deltaTick" del índice se comprobó por comparación en esta línea
  C:\Users\uo271288\Desktop\SEV\Naves\Naves\Game.cpp(38) : nota: suministra la llamada en esta línea
  Naves.vcxproj -> C:\Users\uo271288\Desktop\SEV\Naves\Debug\Naves.exe
